<?xml version="1.0" encoding="UTF-8"?>
<!-- Generated by org.testng.reporters.JUnitXMLReporter -->
<testsuite ignored="0" hostname="USPUNKAINGAL12" failures="1" tests="14" name="Test" time="21.462" errors="0" timestamp="2025-07-23T10:39:38 IST">
  <testcase classname="com.api.tests.TC_01_Assign1_CrudUserTest" name="createUserTest" time="4.074"/>
  <testcase classname="com.api.tests.TC_02_Assign2_AuthorizationTest" name="verifyAuthorizationTest" time="1.006"/>
  <testcase classname="com.api.tests.TC_03_Assign3_CreateUsersDDTest" name="createUsersDataDriven" time="0.747"/>
  <testcase classname="com.api.tests.TC_03_Assign3_CreateUsersDDTest" name="createUsersDataDriven" time="0.705"/>
  <testcase classname="com.api.tests.TC_03_Assign3_CreateUsersDDTest" name="createUsersDataDriven" time="0.781"/>
  <testcase classname="com.api.tests.TC_04_Assign4_QueryParamTest" name="verifyAuthorizationTest" time="0.134"/>
  <testcase classname="com.api.tests.TC_05_Assign5_CustomHeaderAndCookiesTest" name="verifyAuthorizationTest" time="0.675"/>
  <testcase classname="com.api.tests.TC_06_Assign6_ErrorHandlingTest" name="testInvalidFieldTypes" time="0.853"/>
  <testcase classname="com.api.tests.TC_06_Assign6_ErrorHandlingTest" name="testInvalidHttpMethod" time="0.926">
    <failure type="java.lang.AssertionError" message="Expected error message in response body: {} expected [true] but found [false]">
      <![CDATA[java.lang.AssertionError: Expected error message in response body: {} expected [true] but found [false]
at com.api.tests.TC_06_Assign6_ErrorHandlingTest.testInvalidHttpMethod(TC_06_Assign6_ErrorHandlingTest.java:95)
at java.base/java.util.ArrayList.forEach(ArrayList.java:1596)
... Removed 28 stack frames]]>
    </failure>
  </testcase> <!-- testInvalidHttpMethod -->
  <testcase classname="com.api.tests.TC_06_Assign6_ErrorHandlingTest" name="testMissingRequiredFields" time="0.815"/>
  <testcase classname="com.api.tests.TC_07_Assign7_PerformanceTest" name="testApiPerformance" time="6.755"/>
  <testcase classname="com.api.tests.TC_08_Assign8_JsonSchemaValidationTest" name="validateUsersJsonSchemaFromFile" time="0.411"/>
  <testcase classname="com.api.tests.TC_10_Assign10_PaginationTest" name="testMultiplePagesPagination" time="1.655"/>
  <testcase classname="com.api.tests.TC_09_Assign9_ApiChainingTest" name="testApiChaining_CreateAndGetObject" time="0.701"/>
</testsuite> <!-- Test -->
